<?xml version="1.0" encoding="UTF-8"?>
<beans xmlns="http://www.springframework.org/schema/beans"
       xmlns:xsi="http://www.w3.org/2001/XMLSchema-instance"
       xmlns:context="http://www.springframework.org/schema/context"
       xmlns:tx="http://www.springframework.org/schema/tx"
       xmlns:aop="http://www.springframework.org/schema/aop"
       xsi:schemaLocation="http://www.springframework.org/schema/beans
                           http://www.springframework.org/schema/beans/spring-beans.xsd
                           http://www.springframework.org/schema/mvc
                           http://www.springframework.org/schema/mvc/spring-mvc.xsd
                           http://www.springframework.org/schema/tx 
                           http://www.springframework.org/schema/tx/spring-tx-3.0.xsd
                           http://www.springframework.org/schema/context
                           http://www.springframework.org/schema/context/spring-context.xsd
       http://www.springframework.org/schema/aop http://www.springframework.org/schema/aop/spring-aop-3.2.xsd"> 

    <!-- Bean definitions go here -->
    <tx:annotation-driven/>

    <context:component-scan base-package="com.sg.superhersightings.dao" />
    <bean id="dataSource"
          class="org.apache.commons.dbcp2.BasicDataSource">
        <property name="driverClassName" value="com.mysql.jdbc.Driver"/>
        <property name="url"
                  value="jdbc:mysql://localhost:3306/superhero_sightings_test"/>
        <property name="username" value="root"/>
        <property name="password" value="root"/>
        <property name="initialSize" value="5"/>
        <property name="maxTotal" value="10"/>
    </bean>

    <bean id="transactionManager"
          class="org.springframework.jdbc.datasource.DataSourceTransactionManager">
        <property name="dataSource" ref="dataSource"/>
    </bean>

    <bean id="jdbcTemplate"
          class="org.springframework.jdbc.core.JdbcTemplate">
        <property name="dataSource" ref="dataSource"/>
    </bean>

    <bean id="userDao"
          class="com.sg.superherosightings.dao.UserDaoJdbcImpl">
        <property name="jdbcTemplate" ref="jdbcTemplate" />
    </bean>

    <bean id="superheroDao"
          class="com.sg.superherosightings.dao.SuperheroDaoJdbcTemplateImpl">
        <property name="jdbcTemplate" ref="jdbcTemplate"/>
    </bean>

    <bean id="locationDao"
          class="com.sg.superherosightings.dao.LocationDaoJdbcTemplateImpl">
        <property name="jdbcTemplate" ref="jdbcTemplate"/>
    </bean>

    <bean id="organizationDao"
          class="com.sg.superherosightings.dao.OrganizationDaoJdbcTemplateImpl">
        <property name="jdbcTemplate" ref="jdbcTemplate"/>
    </bean>
    
    <bean id="sightingDao"
          class="com.sg.superherosightings.dao.SightingDaoJdbcTemplateImpl">
        <property name="jdbcTemplate" ref="jdbcTemplate"/>
        <constructor-arg ref="superheroDao"/>
        <constructor-arg ref="locationDao"/>
    </bean>
    
    <bean id="superOrgDao"
          class="com.sg.superherosightings.dao.SuperheroOrganizationsDaoJdbcTemplateImpl">
        <property name="jdbcTemplate" ref="jdbcTemplate"/>
        <constructor-arg ref="superheroDao"/>
        <constructor-arg ref="organizationDao"/>
    </bean>

    <bean id="locationService"
          class="com.sg.superherosightings.service.LocationServiceImpl">
        <constructor-arg ref="locationDao"/>
        <constructor-arg ref="organizationDao"/>
        <constructor-arg ref="sightingDao"/>
    </bean>
    
    <bean id="organizationService"
          class="com.sg.superherosightings.service.OrganizationServiceImpl">
        <constructor-arg ref="locationDao"/>
        <constructor-arg ref="organizationDao"/>
        <constructor-arg ref="superOrgDao"/>
    </bean>
    
    <bean id="superheroService"
          class="com.sg.superherosightings.service.SuperheroServiceImpl">
        <constructor-arg ref="superheroDao"/>
        <constructor-arg ref="sightingService"/>
        <constructor-arg ref="superheroOrganizationService"/>
    </bean>
    
    <bean id="superheroOrganizationService"
          class="com.sg.superherosightings.service.SuperheroOrganizationServiceImpl">
        <constructor-arg ref="superOrgDao"/>
    </bean>
    
    <bean id="sightingService"
          class="com.sg.superherosightings.service.SightingServiceImpl">
        <constructor-arg ref="sightingDao"/>
        
    </bean>

</beans>
